[0925/104533.811:ERROR:registration_protocol_win.cc(103)] CreateFile: The system cannot find the file specified. (0x2)
[0925/104535.020:ERROR:registration_protocol_win.cc(103)] CreateFile: The system cannot find the file specified. (0x2)
[0925/155923.981:ERROR:process_info.cc(359)] UncheckedAllocate
[1006/200738.789:ERROR:process_info.cc(359)] UncheckedAllocate
[1022/225021.798:ERROR:directory_reader_win.cc(43)] FindFirstFile: The system cannot find the path specified. (0x3)
[1023/002629.143:ERROR:process_info.cc(359)] UncheckedAllocate
[1117/191054.906:ERROR:directory_reader_win.cc(43)] FindFirstFile: The system cannot find the path specified. (0x3)
[1118/135137.297:ERROR:process_reader_win.cc(151)] SuspendThread: Access is denied. (0x5)
[1118/135137.297:ERROR:process_reader_win.cc(123)] NtOpenThread: {Access Denied} A process has requested access to an object, but has not been granted those access rights. (0xc0000022)
[1118/135137.297:ERROR:exception_snapshot_win.cc(99)] thread ID 9180 not found in process
[1118/135137.305:ERROR:process_reader_win.cc(151)] SuspendThread: Access is denied. (0x5)
[1118/135137.305:ERROR:process_reader_win.cc(151)] SuspendThread: Access is denied. (0x5)
[1118/135137.305:ERROR:process_reader_win.cc(151)] SuspendThread: Access is denied. (0x5)
[1118/135137.305:ERROR:process_reader_win.cc(151)] SuspendThread: Access is denied. (0x5)
[1118/135137.305:ERROR:process_reader_win.cc(151)] SuspendThread: Access is denied. (0x5)
[1118/135137.305:ERROR:process_reader_win.cc(151)] SuspendThread: Access is denied. (0x5)
[1118/135137.305:ERROR:process_reader_win.cc(151)] SuspendThread: Access is denied. (0x5)
[1118/135137.305:ERROR:process_reader_win.cc(151)] SuspendThread: Access is denied. (0x5)
[1118/135137.305:ERROR:process_reader_win.cc(151)] SuspendThread: Access is denied. (0x5)
[1118/135137.305:ERROR:process_reader_win.cc(151)] SuspendThread: Access is denied. (0x5)
[1118/135137.305:ERROR:process_reader_win.cc(123)] NtOpenThread: {Access Denied} A process has requested access to an object, but has not been granted those access rights. (0xc0000022)
[1118/135137.305:ERROR:process_reader_win.cc(151)] SuspendThread: Access is denied. (0x5)
[1118/135137.305:ERROR:exception_snapshot_win.cc(99)] thread ID 8488 not found in process
[1118/135137.305:ERROR:process_reader_win.cc(151)] SuspendThread: Access is denied. (0x5)
[1118/135137.305:ERROR:process_reader_win.cc(151)] SuspendThread: Access is denied. (0x5)
[1118/135137.305:ERROR:process_reader_win.cc(151)] SuspendThread: Access is denied. (0x5)
[1118/135137.305:ERROR:process_reader_win.cc(151)] SuspendThread: Access is denied. (0x5)
[1118/135137.305:ERROR:process_reader_win.cc(151)] SuspendThread: Access is denied. (0x5)
[1118/135137.305:ERROR:process_reader_win.cc(151)] SuspendThread: Access is denied. (0x5)
[1118/135137.305:ERROR:process_reader_win.cc(151)] SuspendThread: Access is denied. (0x5)
[1118/135137.305:ERROR:process_reader_win.cc(151)] SuspendThread: Access is denied. (0x5)
[1118/135137.305:ERROR:process_reader_win.cc(123)] NtOpenThread: {Access Denied} A process has requested access to an object, but has not been granted those access rights. (0xc0000022)
[1118/135137.305:ERROR:exception_snapshot_win.cc(99)] thread ID 3604 not found in process
[1118/135137.305:ERROR:process_reader_win.cc(151)] SuspendThread: Access is denied. (0x5)
[1118/135137.305:ERROR:process_reader_win.cc(151)] SuspendThread: Access is denied. (0x5)
[1118/135137.305:ERROR:process_reader_win.cc(151)] SuspendThread: Access is denied. (0x5)
[1118/135137.305:ERROR:process_reader_win.cc(151)] SuspendThread: Access is denied. (0x5)
[1118/135137.305:ERROR:process_reader_win.cc(151)] SuspendThread: Access is denied. (0x5)
[1118/135137.305:ERROR:process_reader_win.cc(151)] SuspendThread: Access is denied. (0x5)
[1118/135137.305:ERROR:process_reader_win.cc(151)] SuspendThread: Access is denied. (0x5)
[1118/135137.305:ERROR:process_reader_win.cc(151)] SuspendThread: Access is denied. (0x5)
[1118/135137.305:ERROR:process_reader_win.cc(151)] SuspendThread: Access is denied. (0x5)
[1118/135137.305:ERROR:process_reader_win.cc(123)] NtOpenThread: {Access Denied} A process has requested access to an object, but has not been granted those access rights. (0xc0000022)
[1118/135137.313:ERROR:exception_snapshot_win.cc(99)] thread ID 14632 not found in process
[1118/135137.345:ERROR:process_reader_win.cc(151)] SuspendThread: Access is denied. (0x5)
[1118/135137.345:ERROR:process_reader_win.cc(151)] SuspendThread: Access is denied. (0x5)
[1118/135137.345:ERROR:process_reader_win.cc(151)] SuspendThread: Access is denied. (0x5)
[1118/135137.345:ERROR:process_reader_win.cc(151)] SuspendThread: Access is denied. (0x5)
[1118/135137.345:ERROR:process_reader_win.cc(151)] SuspendThread: Access is denied. (0x5)
[1118/135137.345:ERROR:process_reader_win.cc(151)] SuspendThread: Access is denied. (0x5)
[1118/135137.345:ERROR:process_reader_win.cc(151)] SuspendThread: Access is denied. (0x5)
[1118/135137.345:ERROR:process_reader_win.cc(151)] SuspendThread: Access is denied. (0x5)
[1118/135137.345:ERROR:process_reader_win.cc(151)] SuspendThread: Access is denied. (0x5)
[1118/135137.345:ERROR:process_reader_win.cc(123)] NtOpenThread: {Access Denied} A process has requested access to an object, but has not been granted those access rights. (0xc0000022)
[1118/135137.345:ERROR:exception_snapshot_win.cc(99)] thread ID 9184 not found in process
[1118/135137.345:ERROR:process_reader_win.cc(151)] SuspendThread: Access is denied. (0x5)
[1118/135137.345:ERROR:process_reader_win.cc(151)] SuspendThread: Access is denied. (0x5)
[1118/135137.345:ERROR:process_reader_win.cc(151)] SuspendThread: Access is denied. (0x5)
[1118/135137.345:ERROR:process_reader_win.cc(151)] SuspendThread: Access is denied. (0x5)
[1118/135137.345:ERROR:process_reader_win.cc(151)] SuspendThread: Access is denied. (0x5)
[1118/135137.345:ERROR:process_reader_win.cc(151)] SuspendThread: Access is denied. (0x5)
[1118/135137.345:ERROR:process_reader_win.cc(151)] SuspendThread: Access is denied. (0x5)
[1118/135137.345:ERROR:process_reader_win.cc(151)] SuspendThread: Access is denied. (0x5)
[1118/135137.345:ERROR:process_reader_win.cc(151)] SuspendThread: Access is denied. (0x5)
[1118/135137.345:ERROR:process_reader_win.cc(151)] SuspendThread: Access is denied. (0x5)
[1118/135137.345:ERROR:process_reader_win.cc(151)] SuspendThread: Access is denied. (0x5)
[1118/135137.345:ERROR:process_reader_win.cc(123)] NtOpenThread: {Access Denied} A process has requested access to an object, but has not been granted those access rights. (0xc0000022)
[1118/135137.345:ERROR:exception_snapshot_win.cc(99)] thread ID 4504 not found in process
[1118/135137.353:ERROR:process_reader_win.cc(151)] SuspendThread: Access is denied. (0x5)
[1118/135137.353:ERROR:process_reader_win.cc(151)] SuspendThread: Access is denied. (0x5)
[1118/135137.353:ERROR:process_reader_win.cc(151)] SuspendThread: Access is denied. (0x5)
[1118/135137.353:ERROR:process_reader_win.cc(151)] SuspendThread: Access is denied. (0x5)
[1118/135137.353:ERROR:process_reader_win.cc(151)] SuspendThread: Access is denied. (0x5)
[1118/135137.353:ERROR:process_reader_win.cc(151)] SuspendThread: Access is denied. (0x5)
[1118/135137.353:ERROR:process_reader_win.cc(151)] SuspendThread: Access is denied. (0x5)
[1118/135137.353:ERROR:process_reader_win.cc(151)] SuspendThread: Access is denied. (0x5)
[1118/135137.353:ERROR:process_reader_win.cc(151)] SuspendThread: Access is denied. (0x5)
[1118/135137.353:ERROR:process_reader_win.cc(151)] SuspendThread: Access is denied. (0x5)
[1118/135137.353:ERROR:process_reader_win.cc(151)] SuspendThread: Access is denied. (0x5)
[1118/135137.353:ERROR:process_reader_win.cc(123)] NtOpenThread: {Access Denied} A process has requested access to an object, but has not been granted those access rights. (0xc0000022)
[1118/135137.353:ERROR:exception_snapshot_win.cc(99)] thread ID 13620 not found in process
[1118/135137.382:ERROR:process_reader_win.cc(151)] SuspendThread: Access is denied. (0x5)
[1118/135137.382:ERROR:process_reader_win.cc(151)] SuspendThread: Access is denied. (0x5)
[1118/135137.382:ERROR:process_reader_win.cc(151)] SuspendThread: Access is denied. (0x5)
[1118/135137.382:ERROR:process_reader_win.cc(151)] SuspendThread: Access is denied. (0x5)
[1118/135137.382:ERROR:process_reader_win.cc(151)] SuspendThread: Access is denied. (0x5)
[1118/135137.382:ERROR:process_reader_win.cc(151)] SuspendThread: Access is denied. (0x5)
[1118/135137.382:ERROR:process_reader_win.cc(151)] SuspendThread: Access is denied. (0x5)
[1118/135137.382:ERROR:process_reader_win.cc(151)] SuspendThread: Access is denied. (0x5)
[1118/135137.382:ERROR:process_reader_win.cc(151)] SuspendThread: Access is denied. (0x5)
[1118/135137.382:ERROR:process_reader_win.cc(151)] SuspendThread: Access is denied. (0x5)
[1118/135137.382:ERROR:process_reader_win.cc(151)] SuspendThread: Access is denied. (0x5)
[1118/135137.382:ERROR:process_reader_win.cc(123)] NtOpenThread: {Access Denied} A process has requested access to an object, but has not been granted those access rights. (0xc0000022)
[1118/135137.382:ERROR:exception_snapshot_win.cc(99)] thread ID 13220 not found in process
[1118/135137.390:ERROR:process_reader_win.cc(151)] SuspendThread: Access is denied. (0x5)
[1118/135137.390:ERROR:process_reader_win.cc(151)] SuspendThread: Access is denied. (0x5)
[1118/135137.390:ERROR:process_reader_win.cc(151)] SuspendThread: Access is denied. (0x5)
[1118/135137.390:ERROR:process_reader_win.cc(151)] SuspendThread: Access is denied. (0x5)
[1118/135137.390:ERROR:process_reader_win.cc(151)] SuspendThread: Access is denied. (0x5)
[1118/135137.390:ERROR:process_reader_win.cc(151)] SuspendThread: Access is denied. (0x5)
[1118/135137.390:ERROR:process_reader_win.cc(151)] SuspendThread: Access is denied. (0x5)
[1118/135137.390:ERROR:process_reader_win.cc(151)] SuspendThread: Access is denied. (0x5)
[1118/135137.390:ERROR:process_reader_win.cc(151)] SuspendThread: Access is denied. (0x5)
[1118/135137.390:ERROR:process_reader_win.cc(151)] SuspendThread: Access is denied. (0x5)
[1118/135137.390:ERROR:process_reader_win.cc(123)] NtOpenThread: {Access Denied} A process has requested access to an object, but has not been granted those access rights. (0xc0000022)
[1118/135137.390:ERROR:exception_snapshot_win.cc(99)] thread ID 6992 not found in process
[1118/135137.398:ERROR:process_reader_win.cc(151)] SuspendThread: Access is denied. (0x5)
[1118/135137.398:ERROR:process_reader_win.cc(151)] SuspendThread: Access is denied. (0x5)
[1118/135137.398:ERROR:process_reader_win.cc(151)] SuspendThread: Access is denied. (0x5)
[1118/135137.398:ERROR:process_reader_win.cc(151)] SuspendThread: Access is denied. (0x5)
[1118/135137.398:ERROR:process_reader_win.cc(151)] SuspendThread: Access is denied. (0x5)
[1118/135137.398:ERROR:process_reader_win.cc(151)] SuspendThread: Access is denied. (0x5)
[1118/135137.398:ERROR:process_reader_win.cc(151)] SuspendThread: Access is denied. (0x5)
[1118/135137.398:ERROR:process_reader_win.cc(151)] SuspendThread: Access is denied. (0x5)
[1118/135137.398:ERROR:process_reader_win.cc(151)] SuspendThread: Access is denied. (0x5)
[1118/135137.398:ERROR:process_reader_win.cc(151)] SuspendThread: Access is denied. (0x5)
[1118/135137.398:ERROR:process_reader_win.cc(151)] SuspendThread: Access is denied. (0x5)
[1118/135137.398:ERROR:process_reader_win.cc(123)] NtOpenThread: {Access Denied} A process has requested access to an object, but has not been granted those access rights. (0xc0000022)
[1118/135137.398:ERROR:exception_snapshot_win.cc(99)] thread ID 19052 not found in process
[1118/135137.422:ERROR:process_reader_win.cc(151)] SuspendThread: Access is denied. (0x5)
[1118/135137.422:ERROR:process_reader_win.cc(151)] SuspendThread: Access is denied. (0x5)
[1118/135137.422:ERROR:process_reader_win.cc(151)] SuspendThread: Access is denied. (0x5)
[1118/135137.422:ERROR:process_reader_win.cc(151)] SuspendThread: Access is denied. (0x5)
[1118/135137.422:ERROR:process_reader_win.cc(151)] SuspendThread: Access is denied. (0x5)
[1118/135137.422:ERROR:process_reader_win.cc(151)] SuspendThread: Access is denied. (0x5)
[1118/135137.422:ERROR:process_reader_win.cc(151)] SuspendThread: Access is denied. (0x5)
[1118/135137.422:ERROR:process_reader_win.cc(151)] SuspendThread: Access is denied. (0x5)
[1118/135137.422:ERROR:process_reader_win.cc(151)] SuspendThread: Access is denied. (0x5)
[1118/135137.422:ERROR:process_reader_win.cc(123)] NtOpenThread: {Access Denied} A process has requested access to an object, but has not been granted those access rights. (0xc0000022)
[1118/135137.422:ERROR:exception_snapshot_win.cc(99)] thread ID 8572 not found in process
[1118/135137.422:ERROR:process_reader_win.cc(151)] SuspendThread: Access is denied. (0x5)
[1118/135137.422:ERROR:process_reader_win.cc(151)] SuspendThread: Access is denied. (0x5)
[1118/135137.430:ERROR:process_reader_win.cc(151)] SuspendThread: Access is denied. (0x5)
[1118/135137.430:ERROR:process_reader_win.cc(151)] SuspendThread: Access is denied. (0x5)
[1118/135137.430:ERROR:process_reader_win.cc(151)] SuspendThread: Access is denied. (0x5)
[1118/135137.430:ERROR:process_reader_win.cc(151)] SuspendThread: Access is denied. (0x5)
[1118/135137.430:ERROR:process_reader_win.cc(151)] SuspendThread: Access is denied. (0x5)
[1118/135137.430:ERROR:process_reader_win.cc(151)] SuspendThread: Access is denied. (0x5)
[1118/135137.430:ERROR:process_reader_win.cc(151)] SuspendThread: Access is denied. (0x5)
[1118/135137.430:ERROR:process_reader_win.cc(151)] SuspendThread: Access is denied. (0x5)
[1118/135137.430:ERROR:process_reader_win.cc(151)] SuspendThread: Access is denied. (0x5)
[1118/135137.430:ERROR:process_reader_win.cc(151)] SuspendThread: Access is denied. (0x5)
[1118/135137.430:ERROR:process_reader_win.cc(151)] SuspendThread: Access is denied. (0x5)
[1118/135137.430:ERROR:process_reader_win.cc(123)] NtOpenThread: {Access Denied} A process has requested access to an object, but has not been granted those access rights. (0xc0000022)
[1118/135137.430:ERROR:exception_snapshot_win.cc(99)] thread ID 13908 not found in process
[1118/135137.430:ERROR:process_reader_win.cc(151)] SuspendThread: Access is denied. (0x5)
[1118/135137.430:ERROR:process_reader_win.cc(151)] SuspendThread: Access is denied. (0x5)
[1118/135137.430:ERROR:process_reader_win.cc(151)] SuspendThread: Access is denied. (0x5)
[1118/135137.430:ERROR:process_reader_win.cc(151)] SuspendThread: Access is denied. (0x5)
[1118/135137.430:ERROR:process_reader_win.cc(151)] SuspendThread: Access is denied. (0x5)
[1118/135137.430:ERROR:process_reader_win.cc(151)] SuspendThread: Access is denied. (0x5)
[1118/135137.430:ERROR:process_reader_win.cc(151)] SuspendThread: Access is denied. (0x5)
[1118/135137.430:ERROR:process_reader_win.cc(151)] SuspendThread: Access is denied. (0x5)
[1118/135137.430:ERROR:process_reader_win.cc(151)] SuspendThread: Access is denied. (0x5)
[1118/135137.430:ERROR:process_reader_win.cc(151)] SuspendThread: Access is denied. (0x5)
[1118/135137.430:ERROR:process_reader_win.cc(123)] NtOpenThread: {Access Denied} A process has requested access to an object, but has not been granted those access rights. (0xc0000022)
[1118/135137.430:ERROR:exception_snapshot_win.cc(99)] thread ID 17232 not found in process
[1118/135137.462:ERROR:process_reader_win.cc(151)] SuspendThread: Access is denied. (0x5)
[1118/135137.462:ERROR:process_reader_win.cc(151)] SuspendThread: Access is denied. (0x5)
[1118/135137.462:ERROR:process_reader_win.cc(151)] SuspendThread: Access is denied. (0x5)
[1118/135137.462:ERROR:process_reader_win.cc(151)] SuspendThread: Access is denied. (0x5)
[1118/135137.462:ERROR:process_reader_win.cc(151)] SuspendThread: Access is denied. (0x5)
[1118/135137.462:ERROR:process_reader_win.cc(151)] SuspendThread: Access is denied. (0x5)
[1118/135137.462:ERROR:process_reader_win.cc(151)] SuspendThread: Access is denied. (0x5)
[1118/135137.462:ERROR:process_reader_win.cc(151)] SuspendThread: Access is denied. (0x5)
[1118/135137.462:ERROR:process_reader_win.cc(151)] SuspendThread: Access is denied. (0x5)
[1118/135137.462:ERROR:process_reader_win.cc(151)] SuspendThread: Access is denied. (0x5)
[1118/135137.462:ERROR:process_reader_win.cc(123)] NtOpenThread: {Access Denied} A process has requested access to an object, but has not been granted those access rights. (0xc0000022)
[1118/135137.462:ERROR:exception_snapshot_win.cc(99)] thread ID 18700 not found in process
[1118/135137.462:ERROR:process_reader_win.cc(151)] SuspendThread: Access is denied. (0x5)
[1118/135137.462:ERROR:process_reader_win.cc(151)] SuspendThread: Access is denied. (0x5)
[1118/135137.462:ERROR:process_reader_win.cc(151)] SuspendThread: Access is denied. (0x5)
[1118/135137.462:ERROR:process_reader_win.cc(151)] SuspendThread: Access is denied. (0x5)
[1118/135137.462:ERROR:process_reader_win.cc(151)] SuspendThread: Access is denied. (0x5)
[1118/135137.462:ERROR:process_reader_win.cc(151)] SuspendThread: Access is denied. (0x5)
[1118/135137.462:ERROR:process_reader_win.cc(151)] SuspendThread: Access is denied. (0x5)
[1118/135137.462:ERROR:process_reader_win.cc(151)] SuspendThread: Access is denied. (0x5)
[1118/135137.462:ERROR:process_reader_win.cc(123)] NtOpenThread: {Access Denied} A process has requested access to an object, but has not been granted those access rights. (0xc0000022)
[1118/135137.462:ERROR:exception_snapshot_win.cc(99)] thread ID 996 not found in process
[1118/135137.478:ERROR:process_reader_win.cc(151)] SuspendThread: Access is denied. (0x5)
[1118/135137.478:ERROR:process_reader_win.cc(151)] SuspendThread: Access is denied. (0x5)
[1118/135137.478:ERROR:process_reader_win.cc(151)] SuspendThread: Access is denied. (0x5)
[1118/135137.478:ERROR:process_reader_win.cc(151)] SuspendThread: Access is denied. (0x5)
[1118/135137.478:ERROR:process_reader_win.cc(151)] SuspendThread: Access is denied. (0x5)
[1118/135137.478:ERROR:process_reader_win.cc(151)] SuspendThread: Access is denied. (0x5)
[1118/135137.478:ERROR:process_reader_win.cc(151)] SuspendThread: Access is denied. (0x5)
[1118/135137.478:ERROR:process_reader_win.cc(151)] SuspendThread: Access is denied. (0x5)
[1118/135137.478:ERROR:process_reader_win.cc(151)] SuspendThread: Access is denied. (0x5)
[1118/135137.478:ERROR:process_reader_win.cc(151)] SuspendThread: Access is denied. (0x5)
[1118/135137.478:ERROR:process_reader_win.cc(151)] SuspendThread: Access is denied. (0x5)
[1118/135137.478:ERROR:process_reader_win.cc(151)] SuspendThread: Access is denied. (0x5)
[1118/135137.478:ERROR:process_reader_win.cc(123)] NtOpenThread: {Access Denied} A process has requested access to an object, but has not been granted those access rights. (0xc0000022)
[1118/135137.478:ERROR:exception_snapshot_win.cc(99)] thread ID 1140 not found in process
[1118/135137.486:ERROR:process_reader_win.cc(151)] SuspendThread: Access is denied. (0x5)
[1118/135137.486:ERROR:process_reader_win.cc(151)] SuspendThread: Access is denied. (0x5)
[1118/135137.486:ERROR:process_reader_win.cc(151)] SuspendThread: Access is denied. (0x5)
[1118/135137.486:ERROR:process_reader_win.cc(151)] SuspendThread: Access is denied. (0x5)
[1118/135137.486:ERROR:process_reader_win.cc(151)] SuspendThread: Access is denied. (0x5)
[1118/135137.486:ERROR:process_reader_win.cc(151)] SuspendThread: Access is denied. (0x5)
[1118/135137.486:ERROR:process_reader_win.cc(151)] SuspendThread: Access is denied. (0x5)
[1118/135137.486:ERROR:process_reader_win.cc(151)] SuspendThread: Access is denied. (0x5)
[1118/135137.486:ERROR:process_reader_win.cc(151)] SuspendThread: Access is denied. (0x5)
[1118/135137.486:ERROR:process_reader_win.cc(123)] NtOpenThread: {Access Denied} A process has requested access to an object, but has not been granted those access rights. (0xc0000022)
[1118/135137.486:ERROR:exception_snapshot_win.cc(99)] thread ID 5664 not found in process
[1118/135137.510:ERROR:process_reader_win.cc(151)] SuspendThread: Access is denied. (0x5)
[1118/135137.510:ERROR:process_reader_win.cc(151)] SuspendThread: Access is denied. (0x5)
[1118/135137.510:ERROR:process_reader_win.cc(151)] SuspendThread: Access is denied. (0x5)
[1118/135137.510:ERROR:process_reader_win.cc(151)] SuspendThread: Access is denied. (0x5)
[1118/135137.510:ERROR:process_reader_win.cc(151)] SuspendThread: Access is denied. (0x5)
[1118/135137.510:ERROR:process_reader_win.cc(151)] SuspendThread: Access is denied. (0x5)
[1118/135137.510:ERROR:process_reader_win.cc(151)] SuspendThread: Access is denied. (0x5)
[1118/135137.510:ERROR:process_reader_win.cc(151)] SuspendThread: Access is denied. (0x5)
[1118/135137.510:ERROR:process_reader_win.cc(151)] SuspendThread: Access is denied. (0x5)
[1118/135137.510:ERROR:process_reader_win.cc(151)] SuspendThread: Access is denied. (0x5)
[1118/135137.510:ERROR:process_reader_win.cc(151)] SuspendThread: Access is denied. (0x5)
[1118/135137.510:ERROR:process_reader_win.cc(123)] NtOpenThread: {Access Denied} A process has requested access to an object, but has not been granted those access rights. (0xc0000022)
[1118/135137.510:ERROR:process_reader_win.cc(151)] SuspendThread: Access is denied. (0x5)
[1118/135137.510:ERROR:process_reader_win.cc(151)] SuspendThread: Access is denied. (0x5)
[1118/135137.510:ERROR:process_reader_win.cc(151)] SuspendThread: Access is denied. (0x5)
[1118/135137.510:ERROR:exception_snapshot_win.cc(99)] thread ID 14412 not found in process
[1118/135137.510:ERROR:process_reader_win.cc(151)] SuspendThread: Access is denied. (0x5)
[1118/135137.510:ERROR:process_reader_win.cc(151)] SuspendThread: Access is denied. (0x5)
[1118/135137.510:ERROR:process_reader_win.cc(151)] SuspendThread: Access is denied. (0x5)
[1118/135137.510:ERROR:process_reader_win.cc(151)] SuspendThread: Access is denied. (0x5)
[1118/135137.510:ERROR:process_reader_win.cc(123)] NtOpenThread: {Access Denied} A process has requested access to an object, but has not been granted those access rights. (0xc0000022)
[1118/135137.510:ERROR:exception_snapshot_win.cc(99)] thread ID 12036 not found in process
[1118/135137.510:ERROR:process_reader_win.cc(151)] SuspendThread: Access is denied. (0x5)
[1118/135137.510:ERROR:process_reader_win.cc(151)] SuspendThread: Access is denied. (0x5)
[1118/135137.510:ERROR:process_reader_win.cc(151)] SuspendThread: Access is denied. (0x5)
[1118/135137.510:ERROR:process_reader_win.cc(151)] SuspendThread: Access is denied. (0x5)
[1118/135137.510:ERROR:process_reader_win.cc(151)] SuspendThread: Access is denied. (0x5)
[1118/135137.510:ERROR:process_reader_win.cc(151)] SuspendThread: Access is denied. (0x5)
[1118/135137.510:ERROR:process_reader_win.cc(151)] SuspendThread: Access is denied. (0x5)
[1118/135137.510:ERROR:process_reader_win.cc(151)] SuspendThread: Access is denied. (0x5)
[1118/135137.510:ERROR:process_reader_win.cc(151)] SuspendThread: Access is denied. (0x5)
[1118/135137.510:ERROR:process_reader_win.cc(123)] NtOpenThread: {Access Denied} A process has requested access to an object, but has not been granted those access rights. (0xc0000022)
[1118/135137.510:ERROR:exception_snapshot_win.cc(99)] thread ID 7844 not found in process
[1118/135137.526:ERROR:process_reader_win.cc(151)] SuspendThread: Access is denied. (0x5)
[1118/135137.526:ERROR:process_reader_win.cc(151)] SuspendThread: Access is denied. (0x5)
[1118/135137.526:ERROR:process_reader_win.cc(151)] SuspendThread: Access is denied. (0x5)
[1118/135137.526:ERROR:process_reader_win.cc(151)] SuspendThread: Access is denied. (0x5)
[1118/135137.526:ERROR:process_reader_win.cc(151)] SuspendThread: Access is denied. (0x5)
[1118/135137.526:ERROR:process_reader_win.cc(151)] SuspendThread: Access is denied. (0x5)
[1118/135137.526:ERROR:process_reader_win.cc(151)] SuspendThread: Access is denied. (0x5)
[1118/135137.526:ERROR:process_reader_win.cc(151)] SuspendThread: Access is denied. (0x5)
[1118/135137.526:ERROR:process_reader_win.cc(151)] SuspendThread: Access is denied. (0x5)
[1118/135137.526:ERROR:process_reader_win.cc(151)] SuspendThread: Access is denied. (0x5)
[1118/135137.526:ERROR:process_reader_win.cc(151)] SuspendThread: Access is denied. (0x5)
[1118/135137.526:ERROR:process_reader_win.cc(123)] NtOpenThread: {Access Denied} A process has requested access to an object, but has not been granted those access rights. (0xc0000022)
[1118/135137.526:ERROR:exception_snapshot_win.cc(99)] thread ID 13112 not found in process
[1118/135137.534:ERROR:process_reader_win.cc(151)] SuspendThread: Access is denied. (0x5)
[1118/135137.534:ERROR:process_reader_win.cc(151)] SuspendThread: Access is denied. (0x5)
[1118/135137.534:ERROR:process_reader_win.cc(151)] SuspendThread: Access is denied. (0x5)
[1118/135137.534:ERROR:process_reader_win.cc(151)] SuspendThread: Access is denied. (0x5)
[1118/135137.534:ERROR:process_reader_win.cc(151)] SuspendThread: Access is denied. (0x5)
[1118/135137.534:ERROR:process_reader_win.cc(151)] SuspendThread: Access is denied. (0x5)
[1118/135137.534:ERROR:process_reader_win.cc(151)] SuspendThread: Access is denied. (0x5)
[1118/135137.534:ERROR:process_reader_win.cc(151)] SuspendThread: Access is denied. (0x5)
[1118/135137.534:ERROR:process_reader_win.cc(151)] SuspendThread: Access is denied. (0x5)
[1118/135137.534:ERROR:process_reader_win.cc(123)] NtOpenThread: {Access Denied} A process has requested access to an object, but has not been granted those access rights. (0xc0000022)
[1118/135137.534:ERROR:exception_snapshot_win.cc(99)] thread ID 11792 not found in process
[1118/135137.542:ERROR:process_reader_win.cc(151)] SuspendThread: Access is denied. (0x5)
[1118/135137.542:ERROR:process_reader_win.cc(151)] SuspendThread: Access is denied. (0x5)
[1118/135137.542:ERROR:process_reader_win.cc(151)] SuspendThread: Access is denied. (0x5)
[1118/135137.542:ERROR:process_reader_win.cc(151)] SuspendThread: Access is denied. (0x5)
[1118/135137.542:ERROR:process_reader_win.cc(151)] SuspendThread: Access is denied. (0x5)
[1118/135137.542:ERROR:process_reader_win.cc(151)] SuspendThread: Access is denied. (0x5)
[1118/135137.542:ERROR:process_reader_win.cc(151)] SuspendThread: Access is denied. (0x5)
[1118/135137.542:ERROR:process_reader_win.cc(151)] SuspendThread: Access is denied. (0x5)
[1118/135137.542:ERROR:process_reader_win.cc(151)] SuspendThread: Access is denied. (0x5)
[1118/135137.542:ERROR:process_reader_win.cc(151)] SuspendThread: Access is denied. (0x5)
[1118/135137.542:ERROR:process_reader_win.cc(151)] SuspendThread: Access is denied. (0x5)
[1118/135137.542:ERROR:process_reader_win.cc(123)] NtOpenThread: {Access Denied} A process has requested access to an object, but has not been granted those access rights. (0xc0000022)
[1118/135137.542:ERROR:exception_snapshot_win.cc(99)] thread ID 8448 not found in process
[1118/135137.550:ERROR:process_reader_win.cc(151)] SuspendThread: Access is denied. (0x5)
[1118/135137.550:ERROR:process_reader_win.cc(151)] SuspendThread: Access is denied. (0x5)
[1118/135137.550:ERROR:process_reader_win.cc(151)] SuspendThread: Access is denied. (0x5)
[1118/135137.550:ERROR:process_reader_win.cc(151)] SuspendThread: Access is denied. (0x5)
[1118/135137.550:ERROR:process_reader_win.cc(151)] SuspendThread: Access is denied. (0x5)
[1118/135137.550:ERROR:process_reader_win.cc(151)] SuspendThread: Access is denied. (0x5)
[1118/135137.550:ERROR:process_reader_win.cc(151)] SuspendThread: Access is denied. (0x5)
[1118/135137.550:ERROR:process_reader_win.cc(151)] SuspendThread: Access is denied. (0x5)
[1118/135137.550:ERROR:process_reader_win.cc(123)] NtOpenThread: {Access Denied} A process has requested access to an object, but has not been granted those access rights. (0xc0000022)
[1118/135137.550:ERROR:exception_snapshot_win.cc(99)] thread ID 19212 not found in process
